# JRE version: OpenJDK Runtime Environment (8.0_181-b13) (build 1.8.0_181-8u181-b13-1ubuntu0.16.04.1-b13)
# Java VM: OpenJDK 64-Bit Server VM (25.181-b13 mixed mode linux-amd64 compressed oops)
Heap:
 PSYoungGen      total 278528K, used 8932K [0x00000000e6f00000, 0x00000000f9880000, 0x0000000100000000)
  eden space 252416K, 0% used [0x00000000e6f00000,0x00000000e6f00000,0x00000000f6580000)
  from space 26112K, 34% used [0x00000000f6580000,0x00000000f6e393a8,0x00000000f7f00000)
  to   space 22528K, 0% used [0x00000000f8280000,0x00000000f8280000,0x00000000f9880000)
 ParOldGen       total 66560K, used 32812K [0x00000000b4c00000, 0x00000000b8d00000, 0x00000000e6f00000)
  object space 66560K, 49% used [0x00000000b4c00000,0x00000000b6c0b140,0x00000000b8d00000)
 Metaspace       used 56834K, capacity 58870K, committed 59008K, reserved 1099776K
  class space    used 7590K, capacity 7965K, committed 8064K, reserved 1048576K
GC Heap History (10 events):
Event: 3.503 GC heap after
Heap after GC invocations=8 (full 1):
 PSYoungGen      total 162304K, used 9184K [0x00000000e6f00000, 0x00000000f4c00000, 0x0000000100000000)
  eden space 153088K, 0% used [0x00000000e6f00000,0x00000000e6f00000,0x00000000f0480000)
  from space 9216K, 99% used [0x00000000f0480000,0x00000000f0d78208,0x00000000f0d80000)
  to   space 14848K, 0% used [0x00000000f3d80000,0x00000000f3d80000,0x00000000f4c00000)
 ParOldGen       total 37376K, used 12458K [0x00000000b4c00000, 0x00000000b7080000, 0x00000000e6f00000)
  object space 37376K, 33% used [0x00000000b4c00000,0x00000000b582a850,0x00000000b7080000)
 Metaspace       used 32119K, capacity 33442K, committed 33536K, reserved 1079296K
  class space    used 4062K, capacity 4345K, committed 4352K, reserved 1048576K
}
Event: 4.006 GC heap before
{Heap before GC invocations=9 (full 1):
 PSYoungGen      total 162304K, used 77481K [0x00000000e6f00000, 0x00000000f4c00000, 0x0000000100000000)
  eden space 153088K, 44% used [0x00000000e6f00000,0x00000000eb1b2410,0x00000000f0480000)
  from space 9216K, 99% used [0x00000000f0480000,0x00000000f0d78208,0x00000000f0d80000)
  to   space 14848K, 0% used [0x00000000f3d80000,0x00000000f3d80000,0x00000000f4c00000)
 ParOldGen       total 37376K, used 12458K [0x00000000b4c00000, 0x00000000b7080000, 0x00000000e6f00000)
  object space 37376K, 33% used [0x00000000b4c00000,0x00000000b582a850,0x00000000b7080000)
 Metaspace       used 34000K, capacity 35304K, committed 35416K, reserved 1081344K
  class space    used 4265K, capacity 4536K, committed 4608K, reserved 1048576K
Event: 4.025 GC heap after
Heap after GC invocations=9 (full 1):
 PSYoungGen      total 209920K, used 12250K [0x00000000e6f00000, 0x00000000f7c80000, 0x0000000100000000)
  eden space 195072K, 0% used [0x00000000e6f00000,0x00000000e6f00000,0x00000000f2d80000)
  from space 14848K, 82% used [0x00000000f3d80000,0x00000000f4976ba8,0x00000000f4c00000)
  to   space 16384K, 0% used [0x00000000f2d80000,0x00000000f2d80000,0x00000000f3d80000)
 ParOldGen       total 37376K, used 12530K [0x00000000b4c00000, 0x00000000b7080000, 0x00000000e6f00000)
  object space 37376K, 33% used [0x00000000b4c00000,0x00000000b583c860,0x00000000b7080000)
 Metaspace       used 34000K, capacity 35304K, committed 35416K, reserved 1081344K
  class space    used 4265K, capacity 4536K, committed 4608K, reserved 1048576K
}
Event: 4.025 GC heap before
{Heap before GC invocations=10 (full 2):
 PSYoungGen      total 209920K, used 12250K [0x00000000e6f00000, 0x00000000f7c80000, 0x0000000100000000)
  eden space 195072K, 0% used [0x00000000e6f00000,0x00000000e6f00000,0x00000000f2d80000)
  from space 14848K, 82% used [0x00000000f3d80000,0x00000000f4976ba8,0x00000000f4c00000)
  to   space 16384K, 0% used [0x00000000f2d80000,0x00000000f2d80000,0x00000000f3d80000)
 ParOldGen       total 37376K, used 12530K [0x00000000b4c00000, 0x00000000b7080000, 0x00000000e6f00000)
  object space 37376K, 33% used [0x00000000b4c00000,0x00000000b583c860,0x00000000b7080000)
 Metaspace       used 34000K, capacity 35304K, committed 35416K, reserved 1081344K
  class space    used 4265K, capacity 4536K, committed 4608K, reserved 1048576K
Event: 4.103 GC heap after
Heap after GC invocations=10 (full 2):
 PSYoungGen      total 209920K, used 0K [0x00000000e6f00000, 0x00000000f7c80000, 0x0000000100000000)
  eden space 195072K, 0% used [0x00000000e6f00000,0x00000000e6f00000,0x00000000f2d80000)
  from space 14848K, 0% used [0x00000000f3d80000,0x00000000f3d80000,0x00000000f4c00000)
  to   space 16384K, 0% used [0x00000000f2d80000,0x00000000f2d80000,0x00000000f3d80000)
 ParOldGen       total 66560K, used 19273K [0x00000000b4c00000, 0x00000000b8d00000, 0x00000000e6f00000)
  object space 66560K, 28% used [0x00000000b4c00000,0x00000000b5ed2760,0x00000000b8d00000)
 Metaspace       used 34000K, capacity 35304K, committed 35416K, reserved 1081344K
  class space    used 4265K, capacity 4536K, committed 4608K, reserved 1048576K
}
Event: 5.630 GC heap before
{Heap before GC invocations=11 (full 2):
 PSYoungGen      total 209920K, used 195072K [0x00000000e6f00000, 0x00000000f7c80000, 0x0000000100000000)
  eden space 195072K, 100% used [0x00000000e6f00000,0x00000000f2d80000,0x00000000f2d80000)
  from space 14848K, 0% used [0x00000000f3d80000,0x00000000f3d80000,0x00000000f4c00000)
  to   space 16384K, 0% used [0x00000000f2d80000,0x00000000f2d80000,0x00000000f3d80000)
 ParOldGen       total 66560K, used 19273K [0x00000000b4c00000, 0x00000000b8d00000, 0x00000000e6f00000)
  object space 66560K, 28% used [0x00000000b4c00000,0x00000000b5ed2760,0x00000000b8d00000)
 Metaspace       used 40718K, capacity 42206K, committed 42624K, reserved 1085440K
  class space    used 5344K, capacity 5653K, committed 5760K, reserved 1048576K
Event: 5.684 GC heap after
Heap after GC invocations=11 (full 2):
 PSYoungGen      total 211456K, used 16375K [0x00000000e6f00000, 0x00000000f9880000, 0x0000000100000000)
  eden space 195072K, 0% used [0x00000000e6f00000,0x00000000e6f00000,0x00000000f2d80000)
  from space 16384K, 99% used [0x00000000f2d80000,0x00000000f3d7dea0,0x00000000f3d80000)
  to   space 22528K, 0% used [0x00000000f8280000,0x00000000f8280000,0x00000000f9880000)
 ParOldGen       total 66560K, used 28085K [0x00000000b4c00000, 0x00000000b8d00000, 0x00000000e6f00000)
  object space 66560K, 42% used [0x00000000b4c00000,0x00000000b676d618,0x00000000b8d00000)
 Metaspace       used 40718K, capacity 42206K, committed 42624K, reserved 1085440K
  class space    used 5344K, capacity 5653K, committed 5760K, reserved 1048576K
}
Event: 16.648 GC heap before
{Heap before GC invocations=12 (full 2):
 PSYoungGen      total 211456K, used 211447K [0x00000000e6f00000, 0x00000000f9880000, 0x0000000100000000)
  eden space 195072K, 100% used [0x00000000e6f00000,0x00000000f2d80000,0x00000000f2d80000)
  from space 16384K, 99% used [0x00000000f2d80000,0x00000000f3d7dea0,0x00000000f3d80000)
  to   space 22528K, 0% used [0x00000000f8280000,0x00000000f8280000,0x00000000f9880000)
 ParOldGen       total 66560K, used 28085K [0x00000000b4c00000, 0x00000000b8d00000, 0x00000000e6f00000)
  object space 66560K, 42% used [0x00000000b4c00000,0x00000000b676d618,0x00000000b8d00000)
 Metaspace       used 54557K, capacity 56544K, committed 56704K, reserved 1097728K
  class space    used 7320K, capacity 7692K, committed 7808K, reserved 1048576K
Event: 16.694 GC heap after
Heap after GC invocations=12 (full 2):
 PSYoungGen      total 274944K, used 22139K [0x00000000e6f00000, 0x00000000f9880000, 0x0000000100000000)
  eden space 252416K, 0% used [0x00000000e6f00000,0x00000000e6f00000,0x00000000f6580000)
  from space 22528K, 98% used [0x00000000f8280000,0x00000000f981ef90,0x00000000f9880000)
  to   space 26112K, 0% used [0x00000000f6580000,0x00000000f6580000,0x00000000f7f00000)
 ParOldGen       total 66560K, used 28093K [0x00000000b4c00000, 0x00000000b8d00000, 0x00000000e6f00000)
  object space 66560K, 42% used [0x00000000b4c00000,0x00000000b676f618,0x00000000b8d00000)
 Metaspace       used 54557K, capacity 56544K, committed 56704K, reserved 1097728K
  class space    used 7320K, capacity 7692K, committed 7808K, reserved 1048576K
}
Event: 17.221 GC heap before
{Heap before GC invocations=13 (full 2):
 PSYoungGen      total 274944K, used 41644K [0x00000000e6f00000, 0x00000000f9880000, 0x0000000100000000)
  eden space 252416K, 7% used [0x00000000e6f00000,0x00000000e820c430,0x00000000f6580000)
  from space 22528K, 98% used [0x00000000f8280000,0x00000000f981ef90,0x00000000f9880000)
  to   space 26112K, 0% used [0x00000000f6580000,0x00000000f6580000,0x00000000f7f00000)
 ParOldGen       total 66560K, used 28093K [0x00000000b4c00000, 0x00000000b8d00000, 0x00000000e6f00000)
  object space 66560K, 42% used [0x00000000b4c00000,0x00000000b676f618,0x00000000b8d00000)
 Metaspace       used 56834K, capacity 58870K, committed 59008K, reserved 1099776K
  class space    used 7590K, capacity 7965K, committed 8064K, reserved 1048576K

