# JRE version: OpenJDK Runtime Environment (8.0_181-b13) (build 1.8.0_181-8u181-b13-1ubuntu0.16.04.1-b13)
# Java VM: OpenJDK 64-Bit Server VM (25.181-b13 mixed mode linux-amd64 compressed oops)
Heap:
 PSYoungGen      total 153600K, used 10214K [0x00000000e6f00000, 0x00000000f0f00000, 0x0000000100000000)
  eden space 143360K, 0% used [0x00000000e6f00000,0x00000000e6f00000,0x00000000efb00000)
  from space 10240K, 99% used [0x00000000efb00000,0x00000000f04f99e0,0x00000000f0500000)
  to   space 8704K, 0% used [0x00000000f0600000,0x00000000f0600000,0x00000000f0e80000)
 ParOldGen       total 35840K, used 16146K [0x00000000b4c00000, 0x00000000b6f00000, 0x00000000e6f00000)
  object space 35840K, 45% used [0x00000000b4c00000,0x00000000b5bc4ad0,0x00000000b6f00000)
 Metaspace       used 33934K, capacity 35292K, committed 35416K, reserved 1081344K
  class space    used 4261K, capacity 4536K, committed 4608K, reserved 1048576K
GC Heap History (10 events):
Event: 31.238 GC heap after
Heap after GC invocations=5 (full 0):
 PSYoungGen      total 41984K, used 3040K [0x00000000e6f00000, 0x00000000ecc00000, 0x0000000100000000)
  eden space 38912K, 0% used [0x00000000e6f00000,0x00000000e6f00000,0x00000000e9500000)
  from space 3072K, 98% used [0x00000000e9500000,0x00000000e97f8020,0x00000000e9800000)
  to   space 8704K, 0% used [0x00000000ec380000,0x00000000ec380000,0x00000000ecc00000)
 ParOldGen       total 52224K, used 9646K [0x00000000b4c00000, 0x00000000b7f00000, 0x00000000e6f00000)
  object space 52224K, 18% used [0x00000000b4c00000,0x00000000b556ba78,0x00000000b7f00000)
 Metaspace       used 20345K, capacity 20864K, committed 21248K, reserved 1067008K
  class space    used 2567K, capacity 2712K, committed 2816K, reserved 1048576K
}
Event: 31.608 GC heap before
{Heap before GC invocations=6 (full 0):
 PSYoungGen      total 41984K, used 4893K [0x00000000e6f00000, 0x00000000ecc00000, 0x0000000100000000)
  eden space 38912K, 4% used [0x00000000e6f00000,0x00000000e70cf5e8,0x00000000e9500000)
  from space 3072K, 98% used [0x00000000e9500000,0x00000000e97f8020,0x00000000e9800000)
  to   space 8704K, 0% used [0x00000000ec380000,0x00000000ec380000,0x00000000ecc00000)
 ParOldGen       total 52224K, used 9646K [0x00000000b4c00000, 0x00000000b7f00000, 0x00000000e6f00000)
  object space 52224K, 18% used [0x00000000b4c00000,0x00000000b556ba78,0x00000000b7f00000)
 Metaspace       used 20638K, capacity 21166K, committed 21248K, reserved 1067008K
  class space    used 2594K, capacity 2759K, committed 2816K, reserved 1048576K
Event: 31.643 GC heap after
Heap after GC invocations=6 (full 0):
 PSYoungGen      total 85504K, used 3296K [0x00000000e6f00000, 0x00000000ecb00000, 0x0000000100000000)
  eden space 77824K, 0% used [0x00000000e6f00000,0x00000000e6f00000,0x00000000ebb00000)
  from space 7680K, 42% used [0x00000000ec380000,0x00000000ec6b8040,0x00000000ecb00000)
  to   space 8192K, 0% used [0x00000000ebb00000,0x00000000ebb00000,0x00000000ec300000)
 ParOldGen       total 52224K, used 9654K [0x00000000b4c00000, 0x00000000b7f00000, 0x00000000e6f00000)
  object space 52224K, 18% used [0x00000000b4c00000,0x00000000b556da78,0x00000000b7f00000)
 Metaspace       used 20638K, capacity 21166K, committed 21248K, reserved 1067008K
  class space    used 2594K, capacity 2759K, committed 2816K, reserved 1048576K
}
Event: 31.643 GC heap before
{Heap before GC invocations=7 (full 1):
 PSYoungGen      total 85504K, used 3296K [0x00000000e6f00000, 0x00000000ecb00000, 0x0000000100000000)
  eden space 77824K, 0% used [0x00000000e6f00000,0x00000000e6f00000,0x00000000ebb00000)
  from space 7680K, 42% used [0x00000000ec380000,0x00000000ec6b8040,0x00000000ecb00000)
  to   space 8192K, 0% used [0x00000000ebb00000,0x00000000ebb00000,0x00000000ec300000)
 ParOldGen       total 52224K, used 9654K [0x00000000b4c00000, 0x00000000b7f00000, 0x00000000e6f00000)
  object space 52224K, 18% used [0x00000000b4c00000,0x00000000b556da78,0x00000000b7f00000)
 Metaspace       used 20638K, capacity 21166K, committed 21248K, reserved 1067008K
  class space    used 2594K, capacity 2759K, committed 2816K, reserved 1048576K
Event: 31.824 GC heap after
Heap after GC invocations=7 (full 1):
 PSYoungGen      total 85504K, used 0K [0x00000000e6f00000, 0x00000000ecb00000, 0x0000000100000000)
  eden space 77824K, 0% used [0x00000000e6f00000,0x00000000e6f00000,0x00000000ebb00000)
  from space 7680K, 0% used [0x00000000ec380000,0x00000000ec380000,0x00000000ecb00000)
  to   space 8192K, 0% used [0x00000000ebb00000,0x00000000ebb00000,0x00000000ec300000)
 ParOldGen       total 35840K, used 8955K [0x00000000b4c00000, 0x00000000b6f00000, 0x00000000e6f00000)
  object space 35840K, 24% used [0x00000000b4c00000,0x00000000b54bed48,0x00000000b6f00000)
 Metaspace       used 20637K, capacity 21160K, committed 21248K, reserved 1067008K
  class space    used 2594K, capacity 2758K, committed 2816K, reserved 1048576K
}
Event: 56.793 GC heap before
{Heap before GC invocations=8 (full 1):
 PSYoungGen      total 85504K, used 77791K [0x00000000e6f00000, 0x00000000ecb00000, 0x0000000100000000)
  eden space 77824K, 99% used [0x00000000e6f00000,0x00000000ebaf7c78,0x00000000ebb00000)
  from space 7680K, 0% used [0x00000000ec380000,0x00000000ec380000,0x00000000ecb00000)
  to   space 8192K, 0% used [0x00000000ebb00000,0x00000000ebb00000,0x00000000ec300000)
 ParOldGen       total 35840K, used 8955K [0x00000000b4c00000, 0x00000000b6f00000, 0x00000000e6f00000)
  object space 35840K, 24% used [0x00000000b4c00000,0x00000000b54bed48,0x00000000b6f00000)
 Metaspace       used 23979K, capacity 24698K, committed 24832K, reserved 1071104K
  class space    used 3011K, capacity 3211K, committed 3328K, reserved 1048576K
Event: 56.903 GC heap after
Heap after GC invocations=8 (full 1):
 PSYoungGen      total 86016K, used 6200K [0x00000000e6f00000, 0x00000000f0e80000, 0x0000000100000000)
  eden space 77824K, 0% used [0x00000000e6f00000,0x00000000e6f00000,0x00000000ebb00000)
  from space 8192K, 75% used [0x00000000ebb00000,0x00000000ec10e0e8,0x00000000ec300000)
  to   space 8704K, 0% used [0x00000000f0600000,0x00000000f0600000,0x00000000f0e80000)
 ParOldGen       total 35840K, used 8963K [0x00000000b4c00000, 0x00000000b6f00000, 0x00000000e6f00000)
  object space 35840K, 25% used [0x00000000b4c00000,0x00000000b54c0d48,0x00000000b6f00000)
 Metaspace       used 23979K, capacity 24698K, committed 24832K, reserved 1071104K
  class space    used 3011K, capacity 3211K, committed 3328K, reserved 1048576K
}
Event: 58.990 GC heap before
{Heap before GC invocations=9 (full 1):
 PSYoungGen      total 86016K, used 84024K [0x00000000e6f00000, 0x00000000f0e80000, 0x0000000100000000)
  eden space 77824K, 100% used [0x00000000e6f00000,0x00000000ebb00000,0x00000000ebb00000)
  from space 8192K, 75% used [0x00000000ebb00000,0x00000000ec10e0e8,0x00000000ec300000)
  to   space 8704K, 0% used [0x00000000f0600000,0x00000000f0600000,0x00000000f0e80000)
 ParOldGen       total 35840K, used 8963K [0x00000000b4c00000, 0x00000000b6f00000, 0x00000000e6f00000)
  object space 35840K, 25% used [0x00000000b4c00000,0x00000000b54c0d48,0x00000000b6f00000)
 Metaspace       used 27864K, capacity 28706K, committed 28928K, reserved 1075200K
  class space    used 3526K, capacity 3717K, committed 3840K, reserved 1048576K
Event: 58.999 GC heap after
Heap after GC invocations=9 (full 1):
 PSYoungGen      total 152064K, used 8681K [0x00000000e6f00000, 0x00000000f0f00000, 0x0000000100000000)
  eden space 143360K, 0% used [0x00000000e6f00000,0x00000000e6f00000,0x00000000efb00000)
  from space 8704K, 99% used [0x00000000f0600000,0x00000000f0e7a798,0x00000000f0e80000)
  to   space 10240K, 0% used [0x00000000efb00000,0x00000000efb00000,0x00000000f0500000)
 ParOldGen       total 35840K, used 9337K [0x00000000b4c00000, 0x00000000b6f00000, 0x00000000e6f00000)
  object space 35840K, 26% used [0x00000000b4c00000,0x00000000b551e608,0x00000000b6f00000)
 Metaspace       used 27864K, capacity 28706K, committed 28928K, reserved 1075200K
  class space    used 3526K, capacity 3717K, committed 3840K, reserved 1048576K
}
Event: 61.962 GC heap before
{Heap before GC invocations=10 (full 1):
 PSYoungGen      total 152064K, used 122991K [0x00000000e6f00000, 0x00000000f0f00000, 0x0000000100000000)
  eden space 143360K, 79% used [0x00000000e6f00000,0x00000000edea15a8,0x00000000efb00000)
  from space 8704K, 99% used [0x00000000f0600000,0x00000000f0e7a798,0x00000000f0e80000)
  to   space 10240K, 0% used [0x00000000efb00000,0x00000000efb00000,0x00000000f0500000)
 ParOldGen       total 35840K, used 9337K [0x00000000b4c00000, 0x00000000b6f00000, 0x00000000e6f00000)
  object space 35840K, 26% used [0x00000000b4c00000,0x00000000b551e608,0x00000000b6f00000)
 Metaspace       used 33934K, capacity 35292K, committed 35416K, reserved 1081344K
  class space    used 4261K, capacity 4536K, committed 4608K, reserved 1048576K

