# JRE version: OpenJDK Runtime Environment (8.0_181-b13) (build 1.8.0_181-8u181-b13-1ubuntu0.16.04.1-b13)
# Java VM: OpenJDK 64-Bit Server VM (25.181-b13 mixed mode linux-amd64 compressed oops)
Heap:
 PSYoungGen      total 41984K, used 3040K [0x00000000e6f00000, 0x00000000e9b00000, 0x0000000100000000)
  eden space 38912K, 0% used [0x00000000e6f00000,0x00000000e6f00000,0x00000000e9500000)
  from space 3072K, 98% used [0x00000000e9500000,0x00000000e97f8020,0x00000000e9800000)
  to   space 3072K, 0% used [0x00000000e9800000,0x00000000e9800000,0x00000000e9b00000)
 ParOldGen       total 52224K, used 4217K [0x00000000b4c00000, 0x00000000b7f00000, 0x00000000e6f00000)
  object space 52224K, 8% used [0x00000000b4c00000,0x00000000b501e450,0x00000000b7f00000)
 Metaspace       used 14511K, capacity 14978K, committed 15104K, reserved 1062912K
  class space    used 1851K, capacity 1985K, committed 2048K, reserved 1048576K
GC Heap History (5 events):
Event: 0.672 GC heap before
{Heap before GC invocations=1 (full 0):
 PSYoungGen      total 22528K, used 19456K [0x00000000e6f00000, 0x00000000e8800000, 0x0000000100000000)
  eden space 19456K, 100% used [0x00000000e6f00000,0x00000000e8200000,0x00000000e8200000)
  from space 3072K, 0% used [0x00000000e8500000,0x00000000e8500000,0x00000000e8800000)
  to   space 3072K, 0% used [0x00000000e8200000,0x00000000e8200000,0x00000000e8500000)
 ParOldGen       total 52224K, used 0K [0x00000000b4c00000, 0x00000000b7f00000, 0x00000000e6f00000)
  object space 52224K, 0% used [0x00000000b4c00000,0x00000000b4c00000,0x00000000b7f00000)
 Metaspace       used 7596K, capacity 7770K, committed 7936K, reserved 1056768K
  class space    used 871K, capacity 937K, committed 1024K, reserved 1048576K
Event: 0.685 GC heap after
Heap after GC invocations=1 (full 0):
 PSYoungGen      total 22528K, used 3059K [0x00000000e6f00000, 0x00000000e9b00000, 0x0000000100000000)
  eden space 19456K, 0% used [0x00000000e6f00000,0x00000000e6f00000,0x00000000e8200000)
  from space 3072K, 99% used [0x00000000e8200000,0x00000000e84fce60,0x00000000e8500000)
  to   space 3072K, 0% used [0x00000000e9800000,0x00000000e9800000,0x00000000e9b00000)
 ParOldGen       total 52224K, used 179K [0x00000000b4c00000, 0x00000000b7f00000, 0x00000000e6f00000)
  object space 52224K, 0% used [0x00000000b4c00000,0x00000000b4c2cda8,0x00000000b7f00000)
 Metaspace       used 7596K, capacity 7770K, committed 7936K, reserved 1056768K
  class space    used 871K, capacity 937K, committed 1024K, reserved 1048576K
}
Event: 1.054 GC heap before
{Heap before GC invocations=2 (full 0):
 PSYoungGen      total 22528K, used 22515K [0x00000000e6f00000, 0x00000000e9b00000, 0x0000000100000000)
  eden space 19456K, 100% used [0x00000000e6f00000,0x00000000e8200000,0x00000000e8200000)
  from space 3072K, 99% used [0x00000000e8200000,0x00000000e84fce60,0x00000000e8500000)
  to   space 3072K, 0% used [0x00000000e9800000,0x00000000e9800000,0x00000000e9b00000)
 ParOldGen       total 52224K, used 179K [0x00000000b4c00000, 0x00000000b7f00000, 0x00000000e6f00000)
  object space 52224K, 0% used [0x00000000b4c00000,0x00000000b4c2cda8,0x00000000b7f00000)
 Metaspace       used 10449K, capacity 10664K, committed 10880K, reserved 1058816K
  class space    used 1208K, capacity 1302K, committed 1408K, reserved 1048576K
Event: 1.104 GC heap after
Heap after GC invocations=2 (full 0):
 PSYoungGen      total 41984K, used 3041K [0x00000000e6f00000, 0x00000000e9b00000, 0x0000000100000000)
  eden space 38912K, 0% used [0x00000000e6f00000,0x00000000e6f00000,0x00000000e9500000)
  from space 3072K, 98% used [0x00000000e9800000,0x00000000e9af8410,0x00000000e9b00000)
  to   space 3072K, 0% used [0x00000000e9500000,0x00000000e9500000,0x00000000e9800000)
 ParOldGen       total 52224K, used 824K [0x00000000b4c00000, 0x00000000b7f00000, 0x00000000e6f00000)
  object space 52224K, 1% used [0x00000000b4c00000,0x00000000b4cce008,0x00000000b7f00000)
 Metaspace       used 10449K, capacity 10664K, committed 10880K, reserved 1058816K
  class space    used 1208K, capacity 1302K, committed 1408K, reserved 1048576K
}
Event: 1.935 GC heap before
{Heap before GC invocations=3 (full 0):
 PSYoungGen      total 41984K, used 41953K [0x00000000e6f00000, 0x00000000e9b00000, 0x0000000100000000)
  eden space 38912K, 100% used [0x00000000e6f00000,0x00000000e9500000,0x00000000e9500000)
  from space 3072K, 98% used [0x00000000e9800000,0x00000000e9af8410,0x00000000e9b00000)
  to   space 3072K, 0% used [0x00000000e9500000,0x00000000e9500000,0x00000000e9800000)
 ParOldGen       total 52224K, used 824K [0x00000000b4c00000, 0x00000000b7f00000, 0x00000000e6f00000)
  object space 52224K, 1% used [0x00000000b4c00000,0x00000000b4cce008,0x00000000b7f00000)
 Metaspace       used 14511K, capacity 14978K, committed 15104K, reserved 1062912K
  class space    used 1851K, capacity 1985K, committed 2048K, reserved 1048576K

